2025-09-01 02:30:07 [INFO]: MongoDB connected: localhost
2025-09-01 02:31:18 [INFO]: MongoDB connected: localhost
2025-09-01 02:33:52 [INFO]: MongoDB connected: localhost
2025-09-01 02:37:53 [INFO]: MongoDB connected: localhost
2025-09-01 02:38:22 [INFO]: MongoDB connected: localhost
2025-09-01 02:38:31 [INFO]: MongoDB connected: localhost
2025-09-01 02:38:47 [INFO]: MongoDB connected: localhost
2025-09-01 02:39:15 [INFO]: MongoDB connected: localhost
2025-09-01 02:41:47 [INFO]: MongoDB connected: localhost
2025-09-01 03:09:01 [INFO]: MongoDB connected: localhost
2025-09-01 03:09:03 [INFO]: MongoDB connected: localhost
2025-09-01 03:09:14 [INFO]: MongoDB connected: localhost
2025-09-01 03:09:17 [INFO]: MongoDB connected: localhost
2025-09-01 03:11:31 [INFO]: MongoDB connected: localhost
2025-09-01 03:14:18 [INFO]: MongoDB connected: localhost
2025-09-01 03:15:42 [INFO]: MongoDB connected: localhost
2025-09-01 03:16:40 [INFO]: MongoDB connected: localhost
2025-09-01 03:16:44 [INFO]: MongoDB connected: localhost
2025-09-01 03:32:06 [INFO]: MongoDB connected: localhost
2025-09-01 03:46:31 [INFO]: MongoDB connected: localhost
2025-09-01 03:46:51 [INFO]: MongoDB connected: localhost
2025-09-01 03:48:35 [INFO]: MongoDB connected: localhost
2025-09-01 03:49:01 [INFO]: MongoDB connected: localhost
2025-09-01 19:57:31 [INFO]: MongoDB connected: localhost
2025-09-01 20:00:16 [INFO]: MongoDB connected: localhost
2025-09-01 20:00:40 [INFO]: MongoDB connected: localhost
2025-09-01 20:01:42 [INFO]: MongoDB connected: localhost
2025-09-01 20:04:23 [INFO]: MongoDB connected: localhost
2025-09-01 20:10:53 [INFO]: MongoDB connected: localhost
2025-09-01 20:11:00 [INFO]: MongoDB connected: localhost
2025-09-01 20:11:07 [INFO]: MongoDB connected: localhost
2025-09-01 20:11:14 [INFO]: MongoDB connected: localhost
2025-09-01 20:11:47 [INFO]: MongoDB connected: localhost
2025-09-01 20:15:13 [INFO]: MongoDB connected: localhost
2025-09-01 20:15:18 [INFO]: MongoDB connected: localhost
2025-09-01 20:15:53 [INFO]: MongoDB connected: localhost
2025-09-01 20:18:07 [INFO]: MongoDB connected: localhost
2025-09-01 20:20:25 [INFO]: MongoDB connected: localhost
2025-09-01 20:20:54 [INFO]: MongoDB connected: localhost
2025-09-01 20:21:56 [INFO]: MongoDB connected: localhost
2025-09-01 20:27:23 [INFO]: MongoDB connected: localhost
2025-09-01 20:28:32 [INFO]: MongoDB connected: localhost
2025-09-01 20:28:44 [INFO]: MongoDB connected: localhost
2025-09-01 20:36:11 [INFO]: MongoDB connected: localhost
2025-09-01 20:37:21 [INFO]: MongoDB connected: localhost
2025-09-01 20:37:38 [INFO]: MongoDB connected: localhost
2025-09-01 20:38:57 [INFO]: MongoDB connected: localhost
2025-09-01 20:39:38 [INFO]: MongoDB connected: localhost
2025-09-01 20:39:45 [INFO]: MongoDB connected: localhost
2025-09-01 20:40:07 [INFO]: MongoDB connected: localhost
2025-09-01 20:42:26 [INFO]: MongoDB connected: localhost
2025-09-01 20:42:55 [INFO]: MongoDB connected: localhost
2025-09-01 20:44:01 [INFO]: MongoDB connected: localhost
2025-09-01 20:45:33 [INFO]: MongoDB connected: localhost
2025-09-01 20:45:41 [INFO]: MongoDB connected: localhost
2025-09-01 20:47:23 [INFO]: MongoDB connected: localhost
2025-09-01 20:51:06 [INFO]: MongoDB connected: localhost
2025-09-01 20:53:39 [INFO]: MongoDB connected: localhost
2025-09-01 20:54:05 [INFO]: MongoDB connected: localhost
2025-09-01 20:54:46 [INFO]: MongoDB connected: localhost
2025-09-01 20:55:46 [INFO]: MongoDB connected: localhost
2025-09-01 21:19:31 [INFO]: MongoDB connected: localhost
2025-09-01 21:19:34 [INFO]: MongoDB connected: localhost
2025-09-01 21:19:51 [INFO]: MongoDB connected: localhost
2025-09-01 21:32:40 [INFO]: MongoDB connected: localhost
2025-09-01 21:37:54 [INFO]: MongoDB connected: localhost
2025-09-01 21:46:40 [INFO]: MongoDB connected: localhost
2025-09-02 14:08:31 [INFO]: MongoDB connected: ac-f6ojswm-shard-00-02.an5skqa.mongodb.net
2025-09-02 15:02:09 [INFO]: MongoDB connected: ac-f6ojswm-shard-00-00.an5skqa.mongodb.net
2025-09-02 15:02:17 [INFO]: MongoDB connected: ac-f6ojswm-shard-00-00.an5skqa.mongodb.net
2025-09-02 15:02:24 [INFO]: MongoDB connected: ac-f6ojswm-shard-00-00.an5skqa.mongodb.net
2025-09-02 15:36:23 [INFO]: MongoDB connected: ac-f6ojswm-shard-00-00.an5skqa.mongodb.net
2025-09-02 15:36:31 [INFO]: MongoDB connected: ac-f6ojswm-shard-00-00.an5skqa.mongodb.net
2025-09-03 13:43:26 [INFO]: MongoDB connected: ac-f6ojswm-shard-00-00.an5skqa.mongodb.net
2025-09-03 13:44:29 [INFO]: MongoDB connected: ac-f6ojswm-shard-00-01.an5skqa.mongodb.net
2025-09-04 16:59:21 [INFO]: MongoDB connected: ac-f6ojswm-shard-00-00.an5skqa.mongodb.net
2025-09-04 17:17:17 [INFO]: MongoDB connected: ac-f6ojswm-shard-00-00.an5skqa.mongodb.net
2025-09-04 17:17:41 [INFO]: MongoDB connected: ac-f6ojswm-shard-00-01.an5skqa.mongodb.net
2025-09-04 17:18:02 [INFO]: MongoDB connected: ac-f6ojswm-shard-00-02.an5skqa.mongodb.net
2025-09-04 17:18:28 [INFO]: MongoDB connected: ac-f6ojswm-shard-00-02.an5skqa.mongodb.net
2025-09-04 17:19:18 [INFO]: MongoDB connected: ac-f6ojswm-shard-00-00.an5skqa.mongodb.net
2025-09-04 17:20:16 [INFO]: MongoDB connected: ac-f6ojswm-shard-00-02.an5skqa.mongodb.net
2025-09-04 17:20:22 [INFO]: MongoDB connected: ac-f6ojswm-shard-00-01.an5skqa.mongodb.net
2025-09-04 17:20:41 [INFO]: MongoDB connected: ac-f6ojswm-shard-00-02.an5skqa.mongodb.net
2025-09-04 17:20:45 [INFO]: MongoDB connected: ac-f6ojswm-shard-00-00.an5skqa.mongodb.net
2025-09-04 17:20:53 [INFO]: MongoDB connected: ac-f6ojswm-shard-00-02.an5skqa.mongodb.net
2025-09-04 17:21:03 [INFO]: MongoDB connected: ac-f6ojswm-shard-00-00.an5skqa.mongodb.net
2025-09-04 17:21:59 [INFO]: MongoDB connected: ac-f6ojswm-shard-00-02.an5skqa.mongodb.net
2025-09-04 17:49:11 [INFO]: MongoDB connected: ac-f6ojswm-shard-00-00.an5skqa.mongodb.net
2025-09-04 17:49:32 [INFO]: MongoDB connected: ac-f6ojswm-shard-00-02.an5skqa.mongodb.net
2025-09-04 17:50:33 [INFO]: MongoDB connected: ac-f6ojswm-shard-00-00.an5skqa.mongodb.net
2025-09-04 17:50:50 [INFO]: MongoDB connected: ac-f6ojswm-shard-00-00.an5skqa.mongodb.net
2025-09-04 17:51:03 [INFO]: MongoDB connected: ac-f6ojswm-shard-00-02.an5skqa.mongodb.net
2025-09-04 17:52:13 [INFO]: MongoDB connected: ac-f6ojswm-shard-00-02.an5skqa.mongodb.net
2025-09-07 05:32:59 [INFO]: MongoDB connected: localhost
2025-09-07 19:59:24 [ERROR]: Error connecting to MongoDB: Authentication failed.
2025-09-07 20:00:36 [INFO]: MongoDB connected: localhost
2025-09-07 20:01:47 [ERROR]: Error connecting to MongoDB: getaddrinfo ENOTFOUND mongo
2025-09-07 20:03:22 [INFO]: MongoDB connected: 217.65.146.240
2025-09-07 20:46:57 [INFO]: MongoDB connected: 217.65.146.240
2025-09-07 20:49:03 [INFO]: MongoDB connected: 217.65.146.240
2025-09-07 21:24:42 [INFO]: MongoDB connected: 217.65.146.240
2025-09-07 21:24:58 [INFO]: MongoDB connected: 217.65.146.240
2025-09-07 21:28:51 [INFO]: MongoDB connected: 217.65.146.240
2025-09-07 21:29:22 [INFO]: MongoDB connected: 217.65.146.240
2025-09-07 21:29:42 [INFO]: MongoDB connected: 217.65.146.240
2025-09-07 21:29:51 [INFO]: MongoDB connected: 217.65.146.240
2025-09-07 21:29:55 [INFO]: MongoDB connected: 217.65.146.240
2025-09-07 21:29:59 [INFO]: MongoDB connected: 217.65.146.240
2025-09-07 21:30:42 [INFO]: MongoDB connected: 217.65.146.240
2025-09-07 21:31:36 [INFO]: MongoDB connected: 217.65.146.240
2025-09-07 21:31:41 [INFO]: MongoDB connected: 217.65.146.240
2025-09-07 21:31:56 [INFO]: MongoDB connected: 217.65.146.240
2025-09-07 21:32:03 [INFO]: MongoDB connected: 217.65.146.240
2025-09-07 21:37:00 [INFO]: MongoDB connected: 217.65.146.240
2025-09-07 22:50:31 [INFO]: MongoDB connected: 217.65.146.240
2025-09-07 22:50:56 [INFO]: MongoDB connected: 217.65.146.240
2025-09-07 22:55:07 [INFO]: MongoDB connected: 217.65.146.240
2025-09-07 22:58:32 [INFO]: MongoDB connected: 217.65.146.240
2025-09-07 23:28:52 [INFO]: MongoDB connected: 217.65.146.240
