2025-09-23 16:57:42 [INFO]: MongoDB connected: 217.65.146.240
2025-09-23 16:57:46 [INFO]: Available Printers: Send To OneNote 2016
2025-09-23 16:57:46 [INFO]: Available Printers: OneNote for Windows 10
2025-09-23 16:57:46 [INFO]: Available Printers: Microsoft Print to PDF
2025-09-23 16:57:46 [INFO]: Available Printers: Fax
2025-09-23 16:57:46 [INFO]: Available Printers: EPSONFBB15F (L6490 Series)
2025-09-23 16:57:46 [INFO]: Available Printers: EPSONE4B0DF (L6490 Series)
2025-09-23 16:57:46 [INFO]: Available Printers: EPSON L6490 Series-E4B0DF (Fax)
2025-09-23 16:57:46 [INFO]: Available Printers: EPSON L6490 Series (Fax)
2025-09-23 16:57:46 [INFO]: Server running at http://localhost:
2025-09-23 16:57:48 [INFO]: No unread matching emails found.
2025-09-23 16:57:52 [INFO]: No unread matching emails found.
2025-09-23 16:57:57 [INFO]: No unread matching emails found.
2025-09-23 16:58:02 [INFO]: No unread matching emails found.
2025-09-23 16:58:07 [INFO]: No unread matching emails found.
2025-09-23 16:58:12 [INFO]: No unread matching emails found.
2025-09-23 16:58:17 [INFO]: No unread matching emails found.
2025-09-23 16:58:22 [INFO]: No unread matching emails found.
2025-09-23 16:58:27 [INFO]: No unread matching emails found.
2025-09-23 16:58:32 [INFO]: No unread matching emails found.
2025-09-23 16:58:37 [INFO]: No unread matching emails found.
2025-09-23 16:58:42 [INFO]: No unread matching emails found.
2025-09-23 16:58:47 [INFO]: No unread matching emails found.
2025-09-23 16:58:52 [INFO]: No unread matching emails found.
2025-09-23 16:58:57 [INFO]: No unread matching emails found.
2025-09-23 16:59:02 [INFO]: No unread matching emails found.
2025-09-23 16:59:07 [INFO]: No unread matching emails found.
2025-09-23 16:59:12 [INFO]: No unread matching emails found.
2025-09-23 16:59:17 [INFO]: No unread matching emails found.
2025-09-23 16:59:22 [INFO]: No unread matching emails found.
2025-09-23 16:59:27 [INFO]: No unread matching emails found.
2025-09-23 16:59:32 [INFO]: No unread matching emails found.
2025-09-23 16:59:37 [INFO]: No unread matching emails found.
2025-09-23 16:59:42 [INFO]: No unread matching emails found.
2025-09-23 16:59:47 [INFO]: No unread matching emails found.
2025-09-23 16:59:52 [INFO]: No unread matching emails found.
2025-09-23 16:59:57 [INFO]: No unread matching emails found.
2025-09-23 17:00:02 [INFO]: No unread matching emails found.
2025-09-23 17:00:07 [INFO]: No unread matching emails found.
2025-09-23 17:00:12 [INFO]: No unread matching emails found.
2025-09-23 17:00:17 [INFO]: No unread matching emails found.
2025-09-23 17:00:22 [INFO]: No unread matching emails found.
2025-09-23 17:00:27 [INFO]: No unread matching emails found.
2025-09-23 17:00:32 [INFO]: No unread matching emails found.
2025-09-23 17:00:38 [INFO]: No unread matching emails found.
2025-09-23 17:00:42 [INFO]: No unread matching emails found.
2025-09-23 17:00:47 [INFO]: No unread matching emails found.
2025-09-23 17:00:53 [INFO]: No unread matching emails found.
2025-09-23 17:00:57 [INFO]: No unread matching emails found.
2025-09-23 17:01:03 [INFO]: No unread matching emails found.
2025-09-23 17:01:08 [INFO]: No unread matching emails found.
2025-09-23 17:01:13 [INFO]: No unread matching emails found.
2025-09-23 17:01:18 [INFO]: No unread matching emails found.
2025-09-23 17:01:23 [INFO]: No unread matching emails found.
2025-09-23 17:01:28 [INFO]: No unread matching emails found.
2025-09-23 17:01:33 [INFO]: No unread matching emails found.
2025-09-23 17:01:38 [INFO]: No unread matching emails found.
2025-09-23 17:01:43 [INFO]: No unread matching emails found.
2025-09-23 17:01:48 [INFO]: No unread matching emails found.
2025-09-23 17:01:53 [INFO]: No unread matching emails found.
2025-09-23 17:01:58 [INFO]: No unread matching emails found.
2025-09-23 17:02:03 [INFO]: No unread matching emails found.
2025-09-23 17:02:08 [INFO]: No unread matching emails found.
2025-09-23 17:02:13 [INFO]: No unread matching emails found.
2025-09-23 17:02:18 [INFO]: No unread matching emails found.
2025-09-23 17:02:23 [INFO]: No unread matching emails found.
2025-09-23 17:02:28 [INFO]: No unread matching emails found.
2025-09-23 17:02:33 [INFO]: No unread matching emails found.
2025-09-23 17:02:38 [INFO]: No unread matching emails found.
2025-09-23 17:02:43 [INFO]: No unread matching emails found.
2025-09-23 17:02:48 [INFO]: No unread matching emails found.
2025-09-23 17:02:53 [INFO]: No unread matching emails found.
2025-09-23 17:02:58 [INFO]: No unread matching emails found.
2025-09-23 17:03:03 [INFO]: No unread matching emails found.
2025-09-23 17:03:09 [INFO]: No unread matching emails found.
2025-09-23 17:03:13 [INFO]: No unread matching emails found.
2025-09-23 17:03:18 [INFO]: No unread matching emails found.
2025-09-23 17:03:23 [INFO]: No unread matching emails found.
2025-09-23 17:03:28 [INFO]: No unread matching emails found.
2025-09-23 17:03:33 [INFO]: No unread matching emails found.
2025-09-23 17:03:38 [INFO]: No unread matching emails found.
2025-09-23 17:03:43 [INFO]: No unread matching emails found.
2025-09-23 17:03:48 [INFO]: No unread matching emails found.
2025-09-23 17:03:53 [INFO]: No unread matching emails found.
2025-09-23 17:03:58 [INFO]: Parsed order number: 1442
2025-09-23 17:04:02 [INFO]: MED email send and order created or updated with MED Products successfully
2025-09-23 17:04:02 [INFO]: order Created/Updated: {
  "_id": "68d2b7df735cf0b18ffa177f",
  "orderNumber": "1442",
  "salesAgent": "Sales Agent3",
  "orderDate": "2025-05-07T23:00:00.000Z",
  "client": "Maitre meunier",
  "price": null,
  "typedepaiement": "Virement",
  "notes": "",
  "products": [
    {
      "name": "Ensacheuse de thé automatique avec Tag",
      "quantity": 1,
      "barcode": "000.000.925",
      "warehouse": "MED",
      "_id": "68d2c4f1d483674081f7cb3d"
    },
    {
      "name": "Soudeuse a tapis 900 verticale",
      "quantity": 4,
      "barcode": "000.000.115",
      "warehouse": "MED",
      "_id": "68d2c4f1d483674081f7cb3e"
    },
    {
      "name": "Doseuse et boucheuse de pots 100-1000ml",
      "quantity": 1,
      "barcode": "000.000.1326",
      "warehouse": "MED",
      "_id": "68d2c4f1d483674081f7cb3f"
    },
    {
      "name": "FSV pneumatique de sachets LCD 30cm, Soudure dorsale avec soufflet et dateur",
      "quantity": 1,
      "barcode": "000.000.1380",
      "warehouse": "MED",
      "_id": "68d2c4f1d483674081f7cb40"
    },
    {
      "name": "Dateur thermique à impulsion pour ensacheuses",
      "quantity": 1,
      "barcode": "000.000.1333",
      "warehouse": "MED",
      "_id": "68d2c4f1d483674081f7cb41"
    }
  ],
  "createdAt": "2025-09-23T15:08:15.201Z",
  "updatedAt": "2025-09-23T16:04:01.953Z",
  "__v": 10
}
2025-09-23 17:04:02 [INFO]: Email(s) processed.
2025-09-23 17:04:03 [INFO]: No unread matching emails found.
2025-09-23 17:04:08 [INFO]: No unread matching emails found.
2025-09-23 17:04:13 [INFO]: No unread matching emails found.
2025-09-23 17:04:18 [INFO]: No unread matching emails found.
2025-09-23 17:04:23 [INFO]: No unread matching emails found.
2025-09-23 17:04:28 [INFO]: No unread matching emails found.
2025-09-23 17:04:33 [INFO]: No unread matching emails found.
2025-09-23 17:04:38 [INFO]: No unread matching emails found.
2025-09-23 17:04:43 [INFO]: No unread matching emails found.
2025-09-23 17:04:48 [INFO]: No unread matching emails found.
2025-09-23 17:04:53 [INFO]: No unread matching emails found.
2025-09-23 17:04:58 [INFO]: No unread matching emails found.
2025-09-23 17:05:03 [INFO]: No unread matching emails found.
2025-09-23 17:05:08 [INFO]: No unread matching emails found.
2025-09-23 17:05:13 [INFO]: No unread matching emails found.
2025-09-23 17:05:18 [INFO]: No unread matching emails found.
2025-09-23 17:05:23 [INFO]: No unread matching emails found.
2025-09-23 17:05:28 [INFO]: No unread matching emails found.
2025-09-23 17:05:33 [INFO]: No unread matching emails found.
2025-09-23 17:05:38 [INFO]: No unread matching emails found.
2025-09-23 17:05:43 [INFO]: No unread matching emails found.
2025-09-23 17:05:48 [INFO]: No unread matching emails found.
2025-09-23 17:05:53 [INFO]: No unread matching emails found.
2025-09-23 17:05:58 [INFO]: No unread matching emails found.
2025-09-23 17:06:03 [INFO]: No unread matching emails found.
2025-09-23 17:06:08 [INFO]: No unread matching emails found.
2025-09-23 17:06:13 [INFO]: No unread matching emails found.
2025-09-23 17:06:18 [INFO]: No unread matching emails found.
2025-09-23 17:06:23 [INFO]: No unread matching emails found.
2025-09-23 17:06:28 [INFO]: No unread matching emails found.
2025-09-23 17:06:33 [INFO]: No unread matching emails found.
2025-09-23 17:06:38 [INFO]: No unread matching emails found.
2025-09-23 17:06:43 [INFO]: No unread matching emails found.
2025-09-23 17:06:48 [INFO]: No unread matching emails found.
2025-09-23 17:06:53 [INFO]: No unread matching emails found.
2025-09-23 17:06:58 [INFO]: No unread matching emails found.
2025-09-23 17:07:03 [INFO]: No unread matching emails found.
2025-09-23 17:07:08 [INFO]: No unread matching emails found.
2025-09-23 17:07:13 [INFO]: No unread matching emails found.
2025-09-23 17:07:18 [INFO]: No unread matching emails found.
2025-09-23 17:07:23 [INFO]: No unread matching emails found.
2025-09-23 17:07:28 [INFO]: No unread matching emails found.
2025-09-23 17:07:33 [INFO]: No unread matching emails found.
2025-09-23 17:07:38 [INFO]: No unread matching emails found.
2025-09-23 17:07:43 [INFO]: No unread matching emails found.
2025-09-23 17:07:48 [INFO]: No unread matching emails found.
2025-09-23 17:07:53 [INFO]: No unread matching emails found.
2025-09-23 17:07:58 [INFO]: No unread matching emails found.
2025-09-23 17:08:03 [INFO]: No unread matching emails found.
2025-09-23 17:08:08 [INFO]: No unread matching emails found.
2025-09-23 17:08:13 [INFO]: No unread matching emails found.
2025-09-23 17:08:18 [INFO]: No unread matching emails found.
2025-09-23 17:08:23 [INFO]: No unread matching emails found.
2025-09-23 17:08:28 [INFO]: No unread matching emails found.
2025-09-23 17:08:33 [INFO]: No unread matching emails found.
2025-09-23 17:08:38 [INFO]: No unread matching emails found.
2025-09-23 17:08:43 [INFO]: No unread matching emails found.
2025-09-23 17:08:48 [INFO]: No unread matching emails found.
2025-09-23 17:08:53 [INFO]: No unread matching emails found.
2025-09-23 17:08:58 [INFO]: No unread matching emails found.
2025-09-23 17:09:03 [INFO]: No unread matching emails found.
2025-09-23 17:09:08 [INFO]: No unread matching emails found.
2025-09-23 17:09:13 [INFO]: No unread matching emails found.
2025-09-23 17:09:18 [INFO]: No unread matching emails found.
2025-09-23 17:09:23 [INFO]: No unread matching emails found.
2025-09-23 17:09:28 [INFO]: No unread matching emails found.
2025-09-23 17:09:33 [INFO]: No unread matching emails found.
2025-09-23 17:09:38 [INFO]: No unread matching emails found.
2025-09-23 17:09:43 [INFO]: No unread matching emails found.
2025-09-23 17:09:48 [INFO]: No unread matching emails found.
2025-09-23 17:09:53 [INFO]: No unread matching emails found.
2025-09-23 17:09:58 [INFO]: No unread matching emails found.
2025-09-23 17:10:03 [INFO]: No unread matching emails found.
2025-09-23 17:10:08 [INFO]: No unread matching emails found.
2025-09-23 17:10:13 [INFO]: No unread matching emails found.
2025-09-23 17:10:18 [INFO]: No unread matching emails found.
2025-09-23 17:10:23 [INFO]: No unread matching emails found.
2025-09-23 17:10:28 [INFO]: No unread matching emails found.
2025-09-23 17:10:33 [INFO]: No unread matching emails found.
2025-09-23 17:10:38 [INFO]: No unread matching emails found.
2025-09-23 17:10:43 [INFO]: No unread matching emails found.
2025-09-23 17:10:48 [INFO]: No unread matching emails found.
2025-09-23 17:10:53 [INFO]: No unread matching emails found.
2025-09-23 17:10:58 [INFO]: No unread matching emails found.
2025-09-23 17:11:03 [INFO]: No unread matching emails found.
2025-09-23 17:11:08 [INFO]: No unread matching emails found.
2025-09-23 17:11:13 [INFO]: No unread matching emails found.
2025-09-23 17:11:18 [INFO]: No unread matching emails found.
2025-09-23 17:11:23 [INFO]: No unread matching emails found.
2025-09-23 17:11:29 [INFO]: No unread matching emails found.
2025-09-23 17:11:33 [INFO]: No unread matching emails found.
2025-09-23 17:11:39 [INFO]: No unread matching emails found.
2025-09-23 17:11:44 [INFO]: No unread matching emails found.
2025-09-23 17:11:49 [INFO]: No unread matching emails found.
2025-09-23 17:11:54 [INFO]: No unread matching emails found.
2025-09-23 17:11:59 [INFO]: No unread matching emails found.
2025-09-23 17:12:04 [INFO]: No unread matching emails found.
2025-09-23 17:12:09 [INFO]: No unread matching emails found.
2025-09-23 17:12:14 [INFO]: No unread matching emails found.
2025-09-23 17:12:19 [INFO]: No unread matching emails found.
2025-09-23 17:12:24 [INFO]: No unread matching emails found.
2025-09-23 17:12:29 [INFO]: No unread matching emails found.
2025-09-23 17:12:34 [INFO]: No unread matching emails found.
2025-09-23 17:12:39 [INFO]: No unread matching emails found.
2025-09-23 17:12:44 [INFO]: No unread matching emails found.
2025-09-23 17:12:49 [INFO]: No unread matching emails found.
2025-09-23 17:12:54 [INFO]: No unread matching emails found.
2025-09-23 17:12:59 [INFO]: No unread matching emails found.
2025-09-23 17:13:04 [INFO]: No unread matching emails found.
2025-09-23 17:13:09 [INFO]: No unread matching emails found.
2025-09-23 17:13:14 [INFO]: No unread matching emails found.
2025-09-23 17:13:19 [INFO]: No unread matching emails found.
2025-09-23 17:13:24 [INFO]: No unread matching emails found.
2025-09-23 17:13:29 [INFO]: No unread matching emails found.
2025-09-23 17:13:34 [INFO]: No unread matching emails found.
2025-09-23 17:13:39 [INFO]: No unread matching emails found.
2025-09-23 17:13:44 [INFO]: No unread matching emails found.
2025-09-23 17:13:49 [INFO]: No unread matching emails found.
2025-09-23 17:13:54 [INFO]: No unread matching emails found.
2025-09-23 17:13:59 [INFO]: No unread matching emails found.
2025-09-23 17:14:04 [INFO]: No unread matching emails found.
2025-09-23 17:14:09 [INFO]: No unread matching emails found.
2025-09-23 17:14:14 [INFO]: No unread matching emails found.
2025-09-23 17:14:19 [INFO]: No unread matching emails found.
2025-09-23 17:14:24 [INFO]: No unread matching emails found.
2025-09-23 17:14:29 [INFO]: No unread matching emails found.
2025-09-23 17:14:34 [INFO]: No unread matching emails found.
2025-09-23 17:14:39 [INFO]: No unread matching emails found.
2025-09-23 17:14:44 [INFO]: No unread matching emails found.
2025-09-23 17:14:49 [INFO]: No unread matching emails found.
2025-09-23 17:14:54 [INFO]: No unread matching emails found.
2025-09-23 17:14:59 [INFO]: No unread matching emails found.
2025-09-23 17:15:04 [INFO]: No unread matching emails found.
2025-09-23 17:15:09 [INFO]: No unread matching emails found.
2025-09-23 17:15:14 [INFO]: No unread matching emails found.
2025-09-23 17:15:19 [INFO]: No unread matching emails found.
2025-09-23 17:15:24 [INFO]: No unread matching emails found.
2025-09-23 17:15:29 [INFO]: No unread matching emails found.
2025-09-23 17:15:34 [INFO]: No unread matching emails found.
2025-09-23 17:15:39 [INFO]: No unread matching emails found.
2025-09-23 17:15:44 [INFO]: No unread matching emails found.
2025-09-23 17:15:49 [INFO]: No unread matching emails found.
2025-09-23 17:15:54 [INFO]: No unread matching emails found.
2025-09-23 17:15:59 [INFO]: No unread matching emails found.
2025-09-23 17:16:04 [INFO]: No unread matching emails found.
2025-09-23 17:16:09 [INFO]: No unread matching emails found.
2025-09-23 17:16:14 [INFO]: No unread matching emails found.
2025-09-23 17:16:19 [INFO]: No unread matching emails found.
2025-09-23 17:16:24 [INFO]: No unread matching emails found.
2025-09-23 17:16:29 [INFO]: No unread matching emails found.
2025-09-23 17:16:34 [INFO]: No unread matching emails found.
2025-09-23 17:16:39 [INFO]: No unread matching emails found.
2025-09-23 17:16:44 [INFO]: No unread matching emails found.
2025-09-23 17:16:59 [INFO]: MongoDB connected: 217.65.146.240
2025-09-23 17:17:03 [INFO]: Available Printers: Send To OneNote 2016
2025-09-23 17:17:03 [INFO]: Available Printers: OneNote for Windows 10
2025-09-23 17:17:03 [INFO]: Available Printers: Microsoft Print to PDF
2025-09-23 17:17:03 [INFO]: Available Printers: Fax
2025-09-23 17:17:03 [INFO]: Available Printers: EPSONFBB15F (L6490 Series)
2025-09-23 17:17:03 [INFO]: Available Printers: EPSONE4B0DF (L6490 Series)
2025-09-23 17:17:03 [INFO]: Available Printers: EPSON L6490 Series-E4B0DF (Fax)
2025-09-23 17:17:03 [INFO]: Available Printers: EPSON L6490 Series (Fax)
2025-09-23 17:17:03 [INFO]: Server running at http://localhost:
2025-09-23 17:17:05 [INFO]: No unread matching emails found.
2025-09-23 17:17:09 [INFO]: No unread matching emails found.
2025-09-23 17:17:14 [INFO]: No unread matching emails found.
2025-09-23 17:17:19 [INFO]: No unread matching emails found.
2025-09-23 17:17:24 [INFO]: No unread matching emails found.
2025-09-23 17:17:29 [INFO]: No unread matching emails found.
2025-09-23 17:17:34 [INFO]: No unread matching emails found.
2025-09-23 17:17:39 [INFO]: No unread matching emails found.
2025-09-23 17:17:44 [INFO]: No unread matching emails found.
2025-09-23 17:17:49 [INFO]: No unread matching emails found.
2025-09-23 17:17:54 [INFO]: No unread matching emails found.
2025-09-23 17:17:59 [INFO]: No unread matching emails found.
2025-09-23 17:18:04 [INFO]: No unread matching emails found.
2025-09-23 17:18:09 [INFO]: No unread matching emails found.
2025-09-23 17:18:15 [INFO]: No unread matching emails found.
2025-09-23 17:18:19 [INFO]: No unread matching emails found.
2025-09-23 17:18:24 [INFO]: No unread matching emails found.
2025-09-23 17:18:29 [INFO]: No unread matching emails found.
2025-09-23 17:18:34 [INFO]: No unread matching emails found.
2025-09-23 17:18:39 [INFO]: No unread matching emails found.
2025-09-23 17:18:44 [INFO]: No unread matching emails found.
2025-09-23 17:18:49 [INFO]: No unread matching emails found.
2025-09-23 17:18:54 [INFO]: No unread matching emails found.
2025-09-23 17:18:59 [INFO]: No unread matching emails found.
2025-09-23 17:19:05 [INFO]: No unread matching emails found.
2025-09-23 17:19:10 [INFO]: No unread matching emails found.
2025-09-23 17:19:15 [INFO]: No unread matching emails found.
2025-09-23 17:19:20 [INFO]: No unread matching emails found.
2025-09-23 17:19:25 [INFO]: No unread matching emails found.
2025-09-23 17:19:30 [INFO]: No unread matching emails found.
2025-09-23 17:19:35 [INFO]: No unread matching emails found.
2025-09-23 17:19:40 [INFO]: No unread matching emails found.
2025-09-23 17:19:45 [INFO]: No unread matching emails found.
2025-09-23 17:19:50 [INFO]: No unread matching emails found.
2025-09-23 17:19:55 [INFO]: No unread matching emails found.
2025-09-23 17:20:00 [INFO]: No unread matching emails found.
2025-09-23 17:20:05 [INFO]: No unread matching emails found.
2025-09-23 17:20:10 [INFO]: No unread matching emails found.
2025-09-23 17:20:15 [INFO]: No unread matching emails found.
2025-09-23 17:20:20 [INFO]: No unread matching emails found.
2025-09-23 17:20:25 [INFO]: No unread matching emails found.
2025-09-23 17:20:30 [INFO]: No unread matching emails found.
2025-09-23 17:20:35 [INFO]: No unread matching emails found.
2025-09-23 17:20:40 [INFO]: No unread matching emails found.
2025-09-23 17:20:45 [INFO]: No unread matching emails found.
2025-09-23 17:20:50 [INFO]: No unread matching emails found.
2025-09-23 17:20:55 [INFO]: No unread matching emails found.
2025-09-23 17:21:00 [INFO]: No unread matching emails found.
2025-09-23 17:21:05 [INFO]: No unread matching emails found.
2025-09-23 17:21:10 [INFO]: No unread matching emails found.
2025-09-23 17:21:15 [INFO]: No unread matching emails found.
2025-09-23 17:21:20 [INFO]: No unread matching emails found.
2025-09-23 17:21:28 [INFO]: MongoDB connected: 217.65.146.240
2025-09-23 17:21:32 [INFO]: Available Printers: Send To OneNote 2016
2025-09-23 17:21:32 [INFO]: Available Printers: OneNote for Windows 10
2025-09-23 17:21:32 [INFO]: Available Printers: Microsoft Print to PDF
2025-09-23 17:21:32 [INFO]: Available Printers: Fax
2025-09-23 17:21:32 [INFO]: Available Printers: EPSONFBB15F (L6490 Series)
2025-09-23 17:21:32 [INFO]: Available Printers: EPSONE4B0DF (L6490 Series)
2025-09-23 17:21:32 [INFO]: Available Printers: EPSON L6490 Series-E4B0DF (Fax)
2025-09-23 17:21:32 [INFO]: Available Printers: EPSON L6490 Series (Fax)
2025-09-23 17:21:32 [INFO]: Server running at http://localhost:
2025-09-23 17:21:33 [INFO]: No unread matching emails found.
2025-09-23 17:21:38 [INFO]: No unread matching emails found.
2025-09-23 17:21:43 [INFO]: No unread matching emails found.
2025-09-23 17:21:48 [INFO]: No unread matching emails found.
2025-09-23 17:21:54 [INFO]: Parsed order number: 1446
2025-09-23 17:21:56 [INFO]: MED email send and order created or updated with MED Products successfully
2025-09-23 17:21:56 [INFO]: order Created/Updated: {
  "orderNumber": "1446",
  "salesAgent": "Sales Agent3",
  "orderDate": "2025-06-07T23:00:00.000Z",
  "client": "Anir pro",
  "price": null,
  "typedepaiement": "unknown",
  "notes": "",
  "products": [
    {
      "name": "Etiqueteuse automatique pour bouteilles cylindriques",
      "quantity": 1,
      "barcode": "000.000.926",
      "warehouse": "MED",
      "_id": "68d2c924d483674081f7cb44"
    }
  ],
  "_id": "68d2c924d483674081f7cb43",
  "createdAt": "2025-09-23T16:21:56.879Z",
  "updatedAt": "2025-09-23T16:21:56.879Z",
  "__v": 0
}
2025-09-23 17:21:56 [INFO]: Email(s) processed.
2025-09-23 17:21:58 [INFO]: No unread matching emails found.
2025-09-23 17:22:03 [INFO]: No unread matching emails found.
2025-09-23 17:22:08 [INFO]: No unread matching emails found.
2025-09-23 17:22:13 [INFO]: No unread matching emails found.
2025-09-23 17:22:18 [INFO]: No unread matching emails found.
2025-09-23 17:22:23 [INFO]: No unread matching emails found.
2025-09-23 17:22:28 [INFO]: No unread matching emails found.
2025-09-23 17:22:33 [INFO]: No unread matching emails found.
2025-09-23 17:22:38 [INFO]: No unread matching emails found.
2025-09-23 17:22:43 [INFO]: No unread matching emails found.
2025-09-23 17:22:48 [INFO]: No unread matching emails found.
2025-09-23 17:22:53 [INFO]: No unread matching emails found.
2025-09-23 17:22:58 [INFO]: No unread matching emails found.
2025-09-23 17:23:03 [INFO]: No unread matching emails found.
2025-09-23 17:23:08 [INFO]: No unread matching emails found.
2025-09-23 17:23:13 [INFO]: No unread matching emails found.
2025-09-23 17:23:18 [INFO]: No unread matching emails found.
2025-09-23 17:23:23 [INFO]: No unread matching emails found.
2025-09-23 17:23:28 [INFO]: No unread matching emails found.
2025-09-23 17:23:33 [INFO]: No unread matching emails found.
2025-09-23 17:23:38 [INFO]: No unread matching emails found.
2025-09-23 17:23:43 [INFO]: No unread matching emails found.
2025-09-23 17:23:48 [INFO]: No unread matching emails found.
2025-09-23 17:23:53 [INFO]: No unread matching emails found.
2025-09-23 17:23:58 [INFO]: No unread matching emails found.
2025-09-23 17:24:03 [INFO]: No unread matching emails found.
2025-09-23 17:24:08 [INFO]: No unread matching emails found.
2025-09-23 17:24:13 [INFO]: No unread matching emails found.
2025-09-23 17:24:18 [INFO]: No unread matching emails found.
2025-09-23 17:24:23 [INFO]: No unread matching emails found.
2025-09-23 17:24:28 [INFO]: No unread matching emails found.
2025-09-23 17:24:33 [INFO]: No unread matching emails found.
2025-09-23 17:24:38 [INFO]: No unread matching emails found.
2025-09-23 17:24:43 [INFO]: No unread matching emails found.
2025-09-23 17:24:49 [INFO]: Parsed order number: 1446
2025-09-23 17:24:52 [INFO]: MED email send and order created or updated with MED Products successfully
2025-09-23 17:24:52 [INFO]: order Created/Updated: {
  "_id": "68d2c9d2d483674081f7cb46",
  "orderNumber": "1446",
  "salesAgent": "Sales Agent3",
  "orderDate": "2025-06-07T23:00:00.000Z",
  "client": "Anir pro",
  "price": null,
  "typedepaiement": "unknown",
  "notes": "",
  "products": [
    {
      "name": "Rouleau de papier filtrant pour ensacheuse de thé",
      "quantity": 1,
      "barcode": "000.000.1063",
      "warehouse": "MAG",
      "_id": "68d2c9d2d483674081f7cb47"
    },
    {
      "name": "Rouleau des tags pour ensacheuse de thé L40",
      "quantity": 1,
      "barcode": "000.000.1224",
      "warehouse": "MAG",
      "_id": "68d2c9d2d483674081f7cb48"
    },
    {
      "name": "Ensacheuse verticale a vis pour produits poudreux 100-1000g",
      "quantity": 1,
      "barcode": "000.000.1252",
      "warehouse": "MAG",
      "_id": "68d2c9d2d483674081f7cb49"
    },
    {
      "name": "Fil en Coton pour ensacheuse de thé",
      "quantity": 1,
      "barcode": "000.000.1223",
      "warehouse": "MAG",
      "_id": "68d2c9d2d483674081f7cb4a"
    },
    {
      "name": "Etiqueteuse automatique pour bouteilles cylindriques",
      "quantity": 1,
      "barcode": "000.000.926",
      "warehouse": "MED",
      "_id": "68d2c9d3d483674081f7cb54"
    }
  ],
  "createdAt": "2025-09-23T16:24:50.828Z",
  "updatedAt": "2025-09-23T16:24:51.985Z",
  "__v": 1
}
2025-09-23 17:24:52 [INFO]: Email(s) processed.
2025-09-23 17:24:53 [INFO]: No unread matching emails found.
2025-09-23 17:24:58 [INFO]: No unread matching emails found.
2025-09-23 17:25:03 [INFO]: No unread matching emails found.
2025-09-23 17:25:08 [INFO]: No unread matching emails found.
2025-09-23 17:25:13 [INFO]: No unread matching emails found.
2025-09-23 17:25:18 [INFO]: No unread matching emails found.
2025-09-23 17:25:23 [INFO]: No unread matching emails found.
2025-09-23 17:25:28 [INFO]: No unread matching emails found.
2025-09-23 17:25:33 [INFO]: No unread matching emails found.
2025-09-23 17:25:38 [INFO]: No unread matching emails found.
2025-09-23 17:25:43 [INFO]: No unread matching emails found.
2025-09-23 17:25:48 [INFO]: No unread matching emails found.
2025-09-23 17:25:53 [INFO]: No unread matching emails found.
2025-09-23 17:25:58 [INFO]: No unread matching emails found.
2025-09-23 17:26:03 [INFO]: No unread matching emails found.
2025-09-23 17:26:08 [INFO]: No unread matching emails found.
2025-09-23 17:26:13 [INFO]: No unread matching emails found.
2025-09-23 17:26:18 [INFO]: No unread matching emails found.
2025-09-23 17:26:23 [INFO]: No unread matching emails found.
2025-09-23 17:26:28 [INFO]: No unread matching emails found.
2025-09-23 17:26:33 [INFO]: No unread matching emails found.
2025-09-23 17:26:38 [INFO]: No unread matching emails found.
2025-09-23 17:26:43 [INFO]: No unread matching emails found.
2025-09-23 17:26:48 [INFO]: No unread matching emails found.
2025-09-23 17:26:53 [INFO]: No unread matching emails found.
2025-09-23 17:26:59 [INFO]: Parsed order number: 1446
2025-09-23 17:27:02 [INFO]: MED email send and order created or updated with MED Products successfully
2025-09-23 17:27:02 [INFO]: order Created/Updated: {
  "orderNumber": "1446",
  "salesAgent": "Sales Agent3",
  "orderDate": "2025-06-07T23:00:00.000Z",
  "client": "Anir pro",
  "price": null,
  "typedepaiement": "unknown",
  "notes": "",
  "products": [
    {
      "name": "Etiqueteuse automatique pour bouteilles cylindriques",
      "quantity": 1,
      "barcode": "000.000.926",
      "warehouse": "MED",
      "_id": "68d2ca56d483674081f7cb57"
    }
  ],
  "_id": "68d2ca56d483674081f7cb56",
  "createdAt": "2025-09-23T16:27:02.289Z",
  "updatedAt": "2025-09-23T16:27:02.289Z",
  "__v": 0
}
2025-09-23 17:27:02 [INFO]: Email(s) processed.
2025-09-23 17:27:03 [INFO]: No unread matching emails found.
2025-09-23 17:27:08 [INFO]: No unread matching emails found.
2025-09-23 17:27:13 [INFO]: No unread matching emails found.
2025-09-23 17:27:18 [INFO]: No unread matching emails found.
2025-09-23 17:27:23 [INFO]: No unread matching emails found.
2025-09-23 17:27:28 [INFO]: No unread matching emails found.
2025-09-23 17:27:34 [INFO]: Parsed order number: 1446
2025-09-23 17:27:37 [INFO]: MED email send and order created or updated with MED Products successfully
2025-09-23 17:27:37 [INFO]: order Created/Updated: {
  "_id": "68d2ca78d483674081f7cb59",
  "orderNumber": "1446",
  "salesAgent": "Sales Agent3",
  "orderDate": "2025-06-07T23:00:00.000Z",
  "client": "Anir pro",
  "price": null,
  "typedepaiement": "unknown",
  "notes": "",
  "products": [
    {
      "name": "Rouleau de papier filtrant pour ensacheuse de thé",
      "quantity": 1,
      "barcode": "000.000.1063",
      "warehouse": "MAG",
      "_id": "68d2ca78d483674081f7cb5a"
    },
    {
      "name": "Rouleau des tags pour ensacheuse de thé L40",
      "quantity": 1,
      "barcode": "000.000.1224",
      "warehouse": "MAG",
      "_id": "68d2ca78d483674081f7cb5b"
    },
    {
      "name": "Ensacheuse verticale a vis pour produits poudreux 100-1000g",
      "quantity": 1,
      "barcode": "000.000.1252",
      "warehouse": "MAG",
      "_id": "68d2ca78d483674081f7cb5c"
    },
    {
      "name": "Fil en Coton pour ensacheuse de thé",
      "quantity": 1,
      "barcode": "000.000.1223",
      "warehouse": "MAG",
      "_id": "68d2ca78d483674081f7cb5d"
    },
    {
      "name": "Etiqueteuse automatique pour bouteilles cylindriques",
      "quantity": 1,
      "barcode": "000.000.926",
      "warehouse": "MED",
      "_id": "68d2ca79d483674081f7cb67"
    }
  ],
  "createdAt": "2025-09-23T16:27:36.406Z",
  "updatedAt": "2025-09-23T16:27:37.575Z",
  "__v": 1
}
2025-09-23 17:27:37 [INFO]: Email(s) processed.
2025-09-23 17:27:38 [INFO]: No unread matching emails found.
2025-09-23 17:27:43 [INFO]: No unread matching emails found.
2025-09-23 17:27:48 [INFO]: No unread matching emails found.
2025-09-23 17:27:53 [INFO]: No unread matching emails found.
2025-09-23 17:27:59 [INFO]: No unread matching emails found.
2025-09-23 17:28:04 [INFO]: No unread matching emails found.
2025-09-23 17:28:09 [INFO]: No unread matching emails found.
2025-09-23 17:28:14 [INFO]: No unread matching emails found.
2025-09-23 17:28:19 [INFO]: No unread matching emails found.
2025-09-23 17:28:24 [INFO]: No unread matching emails found.
2025-09-23 17:28:29 [INFO]: No unread matching emails found.
2025-09-23 17:28:34 [INFO]: No unread matching emails found.
2025-09-23 17:28:39 [INFO]: No unread matching emails found.
2025-09-23 17:28:44 [INFO]: No unread matching emails found.
2025-09-23 17:28:49 [INFO]: No unread matching emails found.
2025-09-23 17:28:54 [INFO]: No unread matching emails found.
2025-09-23 17:28:59 [INFO]: No unread matching emails found.
2025-09-23 17:29:04 [INFO]: No unread matching emails found.
2025-09-23 17:29:09 [INFO]: No unread matching emails found.
2025-09-23 17:29:14 [INFO]: No unread matching emails found.
2025-09-23 17:29:19 [INFO]: No unread matching emails found.
2025-09-23 17:29:24 [INFO]: No unread matching emails found.
2025-09-23 17:29:29 [INFO]: No unread matching emails found.
2025-09-23 17:29:34 [INFO]: No unread matching emails found.
2025-09-23 17:29:39 [INFO]: No unread matching emails found.
2025-09-23 17:29:44 [INFO]: No unread matching emails found.
2025-09-23 17:29:49 [INFO]: No unread matching emails found.
2025-09-23 17:29:54 [INFO]: No unread matching emails found.
2025-09-23 17:29:59 [INFO]: No unread matching emails found.
2025-09-23 17:30:04 [INFO]: No unread matching emails found.
2025-09-23 17:30:09 [INFO]: No unread matching emails found.
2025-09-23 17:30:14 [INFO]: No unread matching emails found.
2025-09-23 17:30:19 [INFO]: No unread matching emails found.
2025-09-23 17:30:24 [INFO]: No unread matching emails found.
2025-09-23 17:30:29 [INFO]: No unread matching emails found.
2025-09-23 17:30:34 [INFO]: No unread matching emails found.
2025-09-23 17:30:39 [INFO]: No unread matching emails found.
2025-09-23 17:30:44 [INFO]: No unread matching emails found.
2025-09-23 17:30:49 [INFO]: No unread matching emails found.
2025-09-23 17:30:54 [INFO]: No unread matching emails found.
2025-09-23 17:30:59 [INFO]: No unread matching emails found.
2025-09-23 17:31:04 [INFO]: No unread matching emails found.
2025-09-23 17:31:09 [INFO]: No unread matching emails found.
2025-09-23 17:31:14 [INFO]: No unread matching emails found.
2025-09-23 17:31:19 [INFO]: No unread matching emails found.
2025-09-23 17:31:24 [INFO]: No unread matching emails found.
2025-09-23 17:31:29 [INFO]: No unread matching emails found.
2025-09-23 17:31:34 [INFO]: No unread matching emails found.
2025-09-23 17:31:39 [INFO]: No unread matching emails found.
2025-09-23 17:31:44 [INFO]: No unread matching emails found.
2025-09-23 17:31:49 [INFO]: No unread matching emails found.
2025-09-23 17:31:54 [INFO]: No unread matching emails found.
2025-09-23 17:31:59 [INFO]: No unread matching emails found.
2025-09-23 17:32:04 [INFO]: No unread matching emails found.
2025-09-23 17:32:09 [INFO]: No unread matching emails found.
2025-09-23 17:32:14 [INFO]: No unread matching emails found.
2025-09-23 17:32:19 [INFO]: No unread matching emails found.
2025-09-23 17:32:24 [INFO]: No unread matching emails found.
2025-09-23 17:32:29 [INFO]: No unread matching emails found.
2025-09-23 17:32:34 [INFO]: No unread matching emails found.
2025-09-23 17:32:39 [INFO]: No unread matching emails found.
2025-09-23 17:32:44 [INFO]: No unread matching emails found.
2025-09-23 17:32:49 [INFO]: No unread matching emails found.
2025-09-23 17:32:54 [INFO]: No unread matching emails found.
2025-09-23 17:32:59 [INFO]: No unread matching emails found.
2025-09-23 17:33:04 [INFO]: No unread matching emails found.
2025-09-23 17:33:09 [INFO]: No unread matching emails found.
2025-09-23 17:33:14 [INFO]: No unread matching emails found.
2025-09-23 17:33:19 [INFO]: No unread matching emails found.
2025-09-23 17:33:24 [INFO]: No unread matching emails found.
2025-09-23 17:33:29 [INFO]: No unread matching emails found.
2025-09-23 17:33:34 [INFO]: No unread matching emails found.
2025-09-23 17:33:39 [INFO]: No unread matching emails found.
2025-09-23 17:33:44 [INFO]: No unread matching emails found.
2025-09-23 17:33:49 [INFO]: No unread matching emails found.
2025-09-23 17:33:54 [INFO]: No unread matching emails found.
2025-09-23 17:33:59 [INFO]: No unread matching emails found.
2025-09-23 17:34:04 [INFO]: No unread matching emails found.
2025-09-23 17:34:09 [INFO]: No unread matching emails found.
2025-09-23 17:34:14 [INFO]: No unread matching emails found.
2025-09-23 17:34:19 [INFO]: No unread matching emails found.
2025-09-23 17:34:24 [INFO]: No unread matching emails found.
2025-09-23 17:34:29 [INFO]: No unread matching emails found.
2025-09-23 17:34:34 [INFO]: No unread matching emails found.
2025-09-23 17:34:39 [INFO]: No unread matching emails found.
2025-09-23 17:34:44 [INFO]: No unread matching emails found.
2025-09-23 17:34:49 [INFO]: No unread matching emails found.
2025-09-23 17:34:54 [INFO]: No unread matching emails found.
2025-09-23 17:34:59 [INFO]: No unread matching emails found.
2025-09-23 17:35:04 [INFO]: No unread matching emails found.
2025-09-23 17:35:09 [INFO]: No unread matching emails found.
2025-09-23 17:35:14 [INFO]: No unread matching emails found.
2025-09-23 17:35:19 [INFO]: No unread matching emails found.
2025-09-23 17:35:24 [INFO]: No unread matching emails found.
2025-09-23 17:35:29 [INFO]: No unread matching emails found.
2025-09-23 17:35:34 [INFO]: No unread matching emails found.
2025-09-23 17:35:39 [INFO]: No unread matching emails found.
2025-09-23 17:35:44 [INFO]: No unread matching emails found.
2025-09-23 17:35:49 [INFO]: No unread matching emails found.
2025-09-23 17:35:54 [INFO]: No unread matching emails found.
2025-09-23 17:35:59 [INFO]: No unread matching emails found.
2025-09-23 17:36:04 [INFO]: No unread matching emails found.
2025-09-23 17:36:09 [INFO]: No unread matching emails found.
2025-09-23 17:36:14 [INFO]: No unread matching emails found.
2025-09-23 17:36:19 [INFO]: No unread matching emails found.
2025-09-23 17:36:24 [INFO]: No unread matching emails found.
2025-09-23 17:36:29 [INFO]: No unread matching emails found.
2025-09-23 17:36:34 [INFO]: No unread matching emails found.
2025-09-23 17:36:39 [INFO]: No unread matching emails found.
2025-09-23 17:36:44 [INFO]: No unread matching emails found.
2025-09-23 17:36:49 [INFO]: No unread matching emails found.
2025-09-23 17:36:54 [INFO]: No unread matching emails found.
2025-09-23 17:36:59 [INFO]: No unread matching emails found.
2025-09-23 17:37:04 [INFO]: No unread matching emails found.
2025-09-23 17:37:09 [INFO]: No unread matching emails found.
2025-09-23 17:37:14 [INFO]: No unread matching emails found.
2025-09-23 17:37:19 [INFO]: No unread matching emails found.
2025-09-23 17:37:24 [INFO]: No unread matching emails found.
2025-09-23 17:37:29 [INFO]: No unread matching emails found.
2025-09-23 17:37:34 [INFO]: No unread matching emails found.
2025-09-23 17:37:39 [INFO]: No unread matching emails found.
2025-09-23 17:37:44 [INFO]: No unread matching emails found.
2025-09-23 17:37:49 [INFO]: No unread matching emails found.
2025-09-23 17:37:54 [INFO]: No unread matching emails found.
2025-09-23 17:37:59 [INFO]: No unread matching emails found.
2025-09-23 17:38:04 [INFO]: No unread matching emails found.
2025-09-23 17:38:09 [INFO]: No unread matching emails found.
2025-09-23 17:38:14 [INFO]: No unread matching emails found.
2025-09-23 17:38:19 [INFO]: No unread matching emails found.
2025-09-23 17:38:24 [INFO]: No unread matching emails found.
2025-09-23 17:38:29 [INFO]: No unread matching emails found.
2025-09-23 17:38:34 [INFO]: No unread matching emails found.
2025-09-23 17:38:39 [INFO]: No unread matching emails found.
2025-09-23 17:38:44 [INFO]: No unread matching emails found.
2025-09-23 17:38:49 [INFO]: No unread matching emails found.
2025-09-23 17:38:54 [INFO]: No unread matching emails found.
2025-09-23 17:38:59 [INFO]: No unread matching emails found.
2025-09-23 17:39:04 [INFO]: No unread matching emails found.
2025-09-23 17:39:09 [INFO]: No unread matching emails found.
2025-09-23 17:39:14 [INFO]: No unread matching emails found.
2025-09-23 17:39:19 [INFO]: No unread matching emails found.
2025-09-23 17:39:24 [INFO]: No unread matching emails found.
2025-09-23 17:39:30 [INFO]: No unread matching emails found.
2025-09-23 17:39:35 [INFO]: No unread matching emails found.
2025-09-23 17:39:40 [INFO]: No unread matching emails found.
2025-09-23 17:39:45 [INFO]: No unread matching emails found.
2025-09-23 17:39:50 [INFO]: No unread matching emails found.
2025-09-23 17:39:55 [INFO]: No unread matching emails found.
2025-09-23 17:40:00 [INFO]: No unread matching emails found.
2025-09-23 17:40:05 [INFO]: No unread matching emails found.
2025-09-23 17:40:10 [INFO]: No unread matching emails found.
2025-09-23 17:40:15 [INFO]: No unread matching emails found.
2025-09-23 17:40:20 [INFO]: No unread matching emails found.
2025-09-23 17:40:25 [INFO]: No unread matching emails found.
2025-09-23 17:40:30 [INFO]: No unread matching emails found.
2025-09-23 17:40:35 [INFO]: No unread matching emails found.
2025-09-23 17:40:40 [INFO]: No unread matching emails found.
2025-09-23 17:40:45 [INFO]: No unread matching emails found.
2025-09-23 17:40:50 [INFO]: No unread matching emails found.
2025-09-23 17:40:55 [INFO]: No unread matching emails found.
2025-09-23 17:41:00 [INFO]: No unread matching emails found.
2025-09-23 17:41:05 [INFO]: No unread matching emails found.
2025-09-23 17:41:10 [INFO]: No unread matching emails found.
2025-09-23 17:41:15 [INFO]: No unread matching emails found.
2025-09-23 17:41:20 [INFO]: No unread matching emails found.
2025-09-23 17:41:25 [INFO]: No unread matching emails found.
2025-09-23 17:41:30 [INFO]: No unread matching emails found.
2025-09-23 17:41:35 [INFO]: No unread matching emails found.
2025-09-23 17:41:40 [INFO]: No unread matching emails found.
2025-09-23 17:41:45 [INFO]: No unread matching emails found.
2025-09-23 17:41:50 [INFO]: No unread matching emails found.
2025-09-23 17:41:55 [INFO]: No unread matching emails found.
2025-09-23 17:42:00 [INFO]: No unread matching emails found.
2025-09-23 17:42:05 [INFO]: No unread matching emails found.
2025-09-23 17:42:10 [INFO]: No unread matching emails found.
2025-09-23 17:42:15 [INFO]: No unread matching emails found.
2025-09-23 17:42:20 [INFO]: No unread matching emails found.
2025-09-23 17:42:25 [INFO]: No unread matching emails found.
2025-09-23 17:42:30 [INFO]: No unread matching emails found.
2025-09-23 17:42:35 [INFO]: No unread matching emails found.
2025-09-23 17:42:40 [INFO]: No unread matching emails found.
2025-09-23 17:42:45 [INFO]: No unread matching emails found.
2025-09-23 17:42:50 [INFO]: No unread matching emails found.
2025-09-23 17:42:55 [INFO]: No unread matching emails found.
2025-09-23 17:43:00 [INFO]: No unread matching emails found.
2025-09-23 17:43:05 [INFO]: No unread matching emails found.
2025-09-23 17:43:10 [INFO]: No unread matching emails found.
2025-09-23 17:43:15 [INFO]: No unread matching emails found.
2025-09-23 17:43:20 [INFO]: No unread matching emails found.
2025-09-23 17:43:25 [INFO]: No unread matching emails found.
2025-09-23 17:43:30 [INFO]: No unread matching emails found.
2025-09-23 17:43:35 [INFO]: No unread matching emails found.
2025-09-23 17:43:40 [INFO]: No unread matching emails found.
2025-09-23 17:43:45 [INFO]: No unread matching emails found.
2025-09-23 17:43:50 [INFO]: No unread matching emails found.
2025-09-23 17:43:55 [INFO]: No unread matching emails found.
2025-09-23 17:44:00 [INFO]: No unread matching emails found.
2025-09-23 17:44:05 [INFO]: No unread matching emails found.
2025-09-23 17:44:10 [INFO]: No unread matching emails found.
2025-09-23 17:44:15 [INFO]: No unread matching emails found.
2025-09-23 17:44:20 [INFO]: No unread matching emails found.
2025-09-23 17:44:25 [INFO]: No unread matching emails found.
2025-09-23 17:44:30 [INFO]: No unread matching emails found.
2025-09-23 17:44:35 [INFO]: No unread matching emails found.
2025-09-23 17:44:40 [INFO]: No unread matching emails found.
2025-09-23 17:44:45 [INFO]: No unread matching emails found.
2025-09-23 17:44:50 [INFO]: No unread matching emails found.
2025-09-23 17:44:55 [INFO]: No unread matching emails found.
2025-09-23 17:45:00 [INFO]: No unread matching emails found.
2025-09-23 17:45:05 [INFO]: No unread matching emails found.
2025-09-23 17:45:10 [INFO]: No unread matching emails found.
2025-09-23 17:45:15 [INFO]: No unread matching emails found.
2025-09-23 17:45:20 [INFO]: No unread matching emails found.
2025-09-23 17:45:25 [INFO]: No unread matching emails found.
2025-09-23 17:45:30 [INFO]: No unread matching emails found.
2025-09-23 17:45:35 [INFO]: No unread matching emails found.
2025-09-23 17:45:40 [INFO]: No unread matching emails found.
2025-09-23 17:45:45 [INFO]: No unread matching emails found.
2025-09-23 17:45:50 [INFO]: No unread matching emails found.
2025-09-23 17:45:55 [INFO]: No unread matching emails found.
2025-09-23 17:46:00 [INFO]: No unread matching emails found.
2025-09-23 17:46:05 [INFO]: No unread matching emails found.
2025-09-23 17:46:10 [INFO]: No unread matching emails found.
2025-09-23 17:46:15 [INFO]: No unread matching emails found.
2025-09-23 17:46:20 [INFO]: No unread matching emails found.
2025-09-23 17:46:25 [INFO]: No unread matching emails found.
2025-09-23 17:46:30 [INFO]: No unread matching emails found.
2025-09-23 17:46:35 [INFO]: No unread matching emails found.
2025-09-23 17:46:40 [INFO]: No unread matching emails found.
2025-09-23 17:46:45 [INFO]: No unread matching emails found.
2025-09-23 17:46:50 [INFO]: No unread matching emails found.
2025-09-23 17:46:55 [INFO]: No unread matching emails found.
2025-09-23 17:47:00 [INFO]: No unread matching emails found.
2025-09-23 17:47:06 [INFO]: No unread matching emails found.
2025-09-23 17:47:10 [INFO]: No unread matching emails found.
2025-09-23 17:47:15 [INFO]: No unread matching emails found.
2025-09-23 17:47:20 [INFO]: No unread matching emails found.
2025-09-23 17:47:25 [INFO]: No unread matching emails found.
2025-09-23 17:47:30 [INFO]: No unread matching emails found.
2025-09-23 17:47:35 [INFO]: No unread matching emails found.
2025-09-23 17:47:40 [INFO]: No unread matching emails found.
2025-09-23 17:47:45 [INFO]: No unread matching emails found.
2025-09-23 17:47:50 [INFO]: No unread matching emails found.
2025-09-23 17:47:55 [INFO]: No unread matching emails found.
2025-09-23 17:48:00 [INFO]: No unread matching emails found.
2025-09-23 17:48:05 [INFO]: No unread matching emails found.
2025-09-23 17:48:10 [INFO]: No unread matching emails found.
2025-09-23 17:48:15 [INFO]: No unread matching emails found.
2025-09-23 17:48:20 [INFO]: No unread matching emails found.
2025-09-23 17:48:25 [INFO]: No unread matching emails found.
2025-09-23 17:48:30 [INFO]: No unread matching emails found.
2025-09-23 17:48:35 [INFO]: No unread matching emails found.
2025-09-23 17:48:40 [INFO]: No unread matching emails found.
2025-09-23 17:48:45 [INFO]: No unread matching emails found.
2025-09-23 17:48:50 [INFO]: No unread matching emails found.
2025-09-23 17:48:55 [INFO]: No unread matching emails found.
2025-09-23 17:49:00 [INFO]: No unread matching emails found.
2025-09-23 17:49:05 [INFO]: No unread matching emails found.
2025-09-23 17:49:10 [INFO]: No unread matching emails found.
2025-09-23 17:49:15 [INFO]: No unread matching emails found.
2025-09-23 17:49:20 [INFO]: No unread matching emails found.
2025-09-23 17:49:25 [INFO]: No unread matching emails found.
2025-09-23 17:49:30 [INFO]: No unread matching emails found.
2025-09-23 17:49:35 [INFO]: No unread matching emails found.
2025-09-23 17:49:40 [INFO]: No unread matching emails found.
2025-09-23 17:49:45 [INFO]: No unread matching emails found.
2025-09-23 17:49:50 [INFO]: No unread matching emails found.
2025-09-23 17:49:55 [INFO]: No unread matching emails found.
2025-09-23 17:50:00 [INFO]: No unread matching emails found.
2025-09-23 17:50:05 [INFO]: No unread matching emails found.
2025-09-23 17:50:10 [INFO]: No unread matching emails found.
2025-09-23 17:58:10 [INFO]: MongoDB connected: 217.65.146.240
2025-09-23 17:58:13 [ERROR]: Error fetching printers:
2025-09-23 17:58:13 [INFO]: Server running at http://localhost:
2025-09-23 17:58:15 [INFO]: No unread matching emails found.
2025-09-23 17:58:19 [INFO]: No unread matching emails found.
2025-09-23 17:58:24 [INFO]: No unread matching emails found.
2025-09-23 17:58:29 [INFO]: No unread matching emails found.
2025-09-23 17:58:34 [INFO]: No unread matching emails found.
2025-09-23 17:58:39 [INFO]: No unread matching emails found.
2025-09-23 17:58:44 [INFO]: No unread matching emails found.
2025-09-23 17:58:49 [INFO]: No unread matching emails found.
2025-09-23 17:58:54 [INFO]: No unread matching emails found.
2025-09-23 17:58:59 [INFO]: No unread matching emails found.
2025-09-23 17:59:04 [INFO]: No unread matching emails found.
2025-09-23 17:59:09 [INFO]: No unread matching emails found.
2025-09-23 17:59:14 [INFO]: No unread matching emails found.
2025-09-23 17:59:19 [INFO]: No unread matching emails found.
2025-09-23 17:59:24 [INFO]: No unread matching emails found.
2025-09-23 17:59:29 [INFO]: No unread matching emails found.
2025-09-23 17:59:34 [INFO]: No unread matching emails found.
2025-09-23 17:59:39 [INFO]: No unread matching emails found.
2025-09-23 17:59:44 [INFO]: No unread matching emails found.
2025-09-23 17:59:49 [INFO]: No unread matching emails found.
2025-09-23 17:59:54 [INFO]: No unread matching emails found.
2025-09-23 17:59:59 [INFO]: No unread matching emails found.
2025-09-23 18:00:04 [INFO]: No unread matching emails found.
2025-09-23 18:00:09 [INFO]: No unread matching emails found.
2025-09-23 18:00:14 [INFO]: No unread matching emails found.
2025-09-23 18:00:19 [INFO]: No unread matching emails found.
2025-09-23 18:00:24 [INFO]: No unread matching emails found.
2025-09-23 18:00:29 [INFO]: No unread matching emails found.
2025-09-23 18:00:34 [INFO]: No unread matching emails found.
2025-09-23 18:00:39 [INFO]: No unread matching emails found.
2025-09-23 18:00:44 [INFO]: No unread matching emails found.
2025-09-23 18:00:49 [INFO]: No unread matching emails found.
2025-09-23 18:00:54 [INFO]: No unread matching emails found.
2025-09-23 18:00:59 [INFO]: No unread matching emails found.
2025-09-23 18:01:04 [INFO]: No unread matching emails found.
2025-09-23 18:01:09 [INFO]: No unread matching emails found.
2025-09-23 18:01:15 [INFO]: No unread matching emails found.
2025-09-23 18:01:20 [INFO]: No unread matching emails found.
2025-09-23 18:01:25 [INFO]: No unread matching emails found.
2025-09-23 18:01:30 [INFO]: No unread matching emails found.
2025-09-23 18:01:35 [INFO]: No unread matching emails found.
2025-09-23 18:01:40 [INFO]: No unread matching emails found.
2025-09-23 18:01:45 [INFO]: No unread matching emails found.
2025-09-23 18:01:50 [INFO]: No unread matching emails found.
2025-09-23 18:01:55 [INFO]: No unread matching emails found.
2025-09-23 18:02:00 [INFO]: No unread matching emails found.
2025-09-23 18:02:05 [INFO]: No unread matching emails found.
2025-09-23 18:02:10 [INFO]: No unread matching emails found.
2025-09-23 18:02:15 [INFO]: No unread matching emails found.
2025-09-23 18:02:20 [INFO]: No unread matching emails found.
2025-09-23 18:02:25 [INFO]: No unread matching emails found.
2025-09-23 18:02:30 [INFO]: No unread matching emails found.
2025-09-23 18:02:35 [INFO]: No unread matching emails found.
2025-09-23 18:02:40 [INFO]: No unread matching emails found.
2025-09-23 18:02:45 [INFO]: No unread matching emails found.
2025-09-23 18:02:50 [INFO]: No unread matching emails found.
2025-09-23 18:02:55 [INFO]: No unread matching emails found.
2025-09-23 18:03:00 [INFO]: No unread matching emails found.
2025-09-23 18:03:05 [INFO]: No unread matching emails found.
2025-09-23 18:03:10 [INFO]: No unread matching emails found.
2025-09-23 18:03:15 [INFO]: No unread matching emails found.
2025-09-23 18:03:20 [INFO]: No unread matching emails found.
2025-09-23 18:03:25 [INFO]: No unread matching emails found.
2025-09-23 18:03:30 [INFO]: No unread matching emails found.
2025-09-23 18:03:35 [INFO]: No unread matching emails found.
2025-09-23 18:03:40 [INFO]: No unread matching emails found.
2025-09-23 18:03:45 [INFO]: No unread matching emails found.
2025-09-23 18:03:50 [INFO]: No unread matching emails found.
2025-09-23 18:03:55 [INFO]: No unread matching emails found.
2025-09-23 18:04:00 [INFO]: No unread matching emails found.
2025-09-23 18:04:05 [INFO]: No unread matching emails found.
2025-09-23 18:04:10 [INFO]: No unread matching emails found.
2025-09-23 18:04:15 [INFO]: No unread matching emails found.
2025-09-23 18:04:20 [INFO]: No unread matching emails found.
2025-09-23 18:04:25 [INFO]: No unread matching emails found.
2025-09-23 18:04:30 [INFO]: No unread matching emails found.
2025-09-23 18:04:35 [INFO]: No unread matching emails found.
2025-09-23 18:04:40 [INFO]: No unread matching emails found.
2025-09-23 18:04:45 [INFO]: No unread matching emails found.
2025-09-23 18:04:50 [INFO]: No unread matching emails found.
2025-09-23 18:04:55 [INFO]: No unread matching emails found.
2025-09-23 18:05:00 [INFO]: No unread matching emails found.
2025-09-23 18:05:05 [INFO]: No unread matching emails found.
2025-09-23 18:05:10 [INFO]: No unread matching emails found.
2025-09-23 18:05:15 [INFO]: No unread matching emails found.
2025-09-23 18:05:20 [INFO]: No unread matching emails found.
2025-09-23 18:05:25 [INFO]: No unread matching emails found.
2025-09-23 18:05:30 [INFO]: No unread matching emails found.
2025-09-23 18:05:35 [INFO]: No unread matching emails found.
2025-09-23 18:05:40 [INFO]: No unread matching emails found.
2025-09-23 18:05:45 [INFO]: No unread matching emails found.
2025-09-23 18:05:50 [INFO]: No unread matching emails found.
2025-09-23 18:05:55 [INFO]: No unread matching emails found.
2025-09-23 18:06:00 [INFO]: No unread matching emails found.
2025-09-23 18:06:05 [INFO]: No unread matching emails found.
2025-09-23 18:06:10 [INFO]: No unread matching emails found.
2025-09-23 18:06:15 [INFO]: No unread matching emails found.
2025-09-23 18:06:20 [INFO]: No unread matching emails found.
2025-09-23 18:06:25 [INFO]: No unread matching emails found.
2025-09-23 18:06:30 [INFO]: No unread matching emails found.
2025-09-23 18:06:35 [INFO]: No unread matching emails found.
2025-09-23 18:06:40 [INFO]: No unread matching emails found.
2025-09-23 18:06:45 [INFO]: No unread matching emails found.
2025-09-23 18:06:50 [INFO]: No unread matching emails found.
2025-09-23 18:06:55 [INFO]: No unread matching emails found.
2025-09-23 18:07:00 [INFO]: No unread matching emails found.
2025-09-23 18:07:05 [INFO]: No unread matching emails found.
2025-09-23 18:07:10 [INFO]: No unread matching emails found.
2025-09-23 18:07:15 [INFO]: No unread matching emails found.
2025-09-23 18:07:20 [INFO]: No unread matching emails found.
2025-09-23 18:07:25 [INFO]: No unread matching emails found.
2025-09-23 18:07:30 [INFO]: No unread matching emails found.
2025-09-23 18:07:35 [INFO]: No unread matching emails found.
2025-09-23 18:07:40 [INFO]: No unread matching emails found.
2025-09-23 18:07:45 [INFO]: No unread matching emails found.
2025-09-23 18:07:50 [INFO]: No unread matching emails found.
2025-09-23 18:07:55 [INFO]: No unread matching emails found.
2025-09-23 18:08:00 [INFO]: No unread matching emails found.
2025-09-23 18:08:05 [INFO]: No unread matching emails found.
2025-09-23 18:08:10 [INFO]: No unread matching emails found.
2025-09-23 18:08:15 [INFO]: No unread matching emails found.
2025-09-23 18:08:20 [INFO]: No unread matching emails found.
2025-09-23 18:08:25 [INFO]: No unread matching emails found.
2025-09-23 18:08:30 [INFO]: No unread matching emails found.
2025-09-23 18:08:35 [INFO]: No unread matching emails found.
2025-09-23 18:08:40 [INFO]: No unread matching emails found.
2025-09-23 18:08:45 [INFO]: No unread matching emails found.
2025-09-23 18:08:50 [INFO]: No unread matching emails found.
2025-09-23 18:08:55 [INFO]: No unread matching emails found.
2025-09-23 18:09:00 [INFO]: No unread matching emails found.
2025-09-23 18:09:05 [INFO]: No unread matching emails found.
2025-09-23 18:09:10 [INFO]: No unread matching emails found.
2025-09-23 18:09:15 [INFO]: No unread matching emails found.
2025-09-23 18:09:20 [INFO]: No unread matching emails found.
2025-09-23 18:09:25 [INFO]: No unread matching emails found.
2025-09-23 18:09:30 [INFO]: No unread matching emails found.
2025-09-23 18:09:35 [INFO]: No unread matching emails found.
2025-09-23 18:09:40 [INFO]: No unread matching emails found.
2025-09-23 18:09:45 [INFO]: No unread matching emails found.
2025-09-23 18:09:50 [INFO]: No unread matching emails found.
2025-09-23 18:09:55 [INFO]: No unread matching emails found.
2025-09-23 18:10:00 [INFO]: No unread matching emails found.
2025-09-23 18:10:05 [INFO]: No unread matching emails found.
2025-09-23 18:10:10 [INFO]: No unread matching emails found.
2025-09-23 18:10:15 [INFO]: No unread matching emails found.
2025-09-23 18:10:20 [INFO]: No unread matching emails found.
2025-09-23 18:10:25 [INFO]: No unread matching emails found.
2025-09-23 18:10:30 [INFO]: No unread matching emails found.
2025-09-23 18:10:35 [INFO]: No unread matching emails found.
2025-09-23 18:10:40 [INFO]: No unread matching emails found.
2025-09-23 18:10:45 [INFO]: No unread matching emails found.
2025-09-23 18:10:50 [INFO]: No unread matching emails found.
2025-09-23 18:10:55 [INFO]: No unread matching emails found.
2025-09-23 18:11:00 [INFO]: No unread matching emails found.
2025-09-23 18:11:05 [INFO]: No unread matching emails found.
2025-09-23 18:11:10 [INFO]: No unread matching emails found.
2025-09-23 18:11:15 [INFO]: No unread matching emails found.
2025-09-23 18:11:20 [INFO]: No unread matching emails found.
2025-09-23 18:11:25 [INFO]: No unread matching emails found.
2025-09-23 18:11:30 [INFO]: No unread matching emails found.
2025-09-23 18:11:35 [INFO]: No unread matching emails found.
